VendingUIV3源码/VendingUIV3/platforms/android/app/build/outputs/logs/manifest-merger-release-report.txt
-- Merging decision tree log ---
manifest
ADDED from src\main\AndroidManifest.xml:2:1-15:12
INJECTED from src\main\AndroidManifest.xml:2:1-15:12
INJECTED from src\main\AndroidManifest.xml:2:1-15:12
INJECTED from src\main\AndroidManifest.xml:2:1-15:12
MERGED from [:CordovaLib] AndroidManifest.xml:20:1-27:12
INJECTED from src\main\AndroidManifest.xml:2:1-15:12
INJECTED from src\main\AndroidManifest.xml:2:1-15:12
INJECTED from src\main\AndroidManifest.xml:2:1-15:12
	package
		ADDED from src\main\AndroidManifest.xml:2:102-130
		INJECTED from src\main\AndroidManifest.xml
		INJECTED from src\main\AndroidManifest.xml
	android:versionName
		ADDED from src\main\AndroidManifest.xml:2:74-101
		INJECTED from src\main\AndroidManifest.xml
		INJECTED from src\main\AndroidManifest.xml
	android:hardwareAccelerated
		ADDED from src\main\AndroidManifest.xml:2:11-45
	xmlns:android
		ADDED from src\main\AndroidManifest.xml:2:131-189
	android:versionCode
		ADDED from src\main\AndroidManifest.xml:2:46-73
		INJECTED from src\main\AndroidManifest.xml
		INJECTED from src\main\AndroidManifest.xml
supports-screens
ADDED from src\main\AndroidManifest.xml:3:5-191
	android:largeScreens
		ADDED from src\main\AndroidManifest.xml:3:49-76
	android:smallScreens
		ADDED from src\main\AndroidManifest.xml:3:132-159
	android:normalScreens
		ADDED from src\main\AndroidManifest.xml:3:77-105
	android:xlargeScreens
		ADDED from src\main\AndroidManifest.xml:3:160-188
	android:resizeable
		ADDED from src\main\AndroidManifest.xml:3:106-131
	android:anyDensity
		ADDED from src\main\AndroidManifest.xml:3:23-48
application
ADDED from src\main\AndroidManifest.xml:4:5-11:19
	android:supportsRtl
		ADDED from src\main\AndroidManifest.xml:4:114-140
	android:label
		ADDED from src\main\AndroidManifest.xml:4:81-113
	android:hardwareAccelerated
		ADDED from src\main\AndroidManifest.xml:4:18-52
	android:icon
		ADDED from src\main\AndroidManifest.xml:4:53-80
activity#edu.acmd.vendingui.MainActivity
ADDED from src\main\AndroidManifest.xml:5:9-10:20
	android:label
		ADDED from src\main\AndroidManifest.xml:5:97-134
	android:launchMode
		ADDED from src\main\AndroidManifest.xml:5:135-165
	android:windowSoftInputMode
		ADDED from src\main\AndroidManifest.xml:5:257-299
	android:configChanges
		ADDED from src\main\AndroidManifest.xml:5:19-96
	android:theme
		ADDED from src\main\AndroidManifest.xml:5:194-256
	android:name
		ADDED from src\main\AndroidManifest.xml:5:166-193
intent-filter#android.intent.action.MAIN+android.intent.category.LAUNCHER
ADDED from src\main\AndroidManifest.xml:6:13-9:29
	android:label
		ADDED from src\main\AndroidManifest.xml:6:28-65
action#android.intent.action.MAIN
ADDED from src\main\AndroidManifest.xml:7:17-69
	android:name
		ADDED from src\main\AndroidManifest.xml:7:25-66
category#android.intent.category.LAUNCHER
ADDED from src\main\AndroidManifest.xml:8:17-77
	android:name
		ADDED from src\main\AndroidManifest.xml:8:27-74
uses-sdk
ADDED from src\main\AndroidManifest.xml:12:5-101
MERGED from [:CordovaLib] AndroidManifest.xml:25:5-44
MERGED from [:CordovaLib] AndroidManifest.xml:25:5-44
	android:maxSdkVersion
		ADDED from src\main\AndroidManifest.xml:12:15-41
	android:targetSdkVersion
		ADDED from src\main\AndroidManifest.xml:12:69-98
	android:minSdkVersion
		ADDED from src\main\AndroidManifest.xml:12:42-68
uses-permission#android.permission.WRITE_EXTERNAL_STORAGE
ADDED from src\main\AndroidManifest.xml:13:5-81
	android:name
		ADDED from src\main\AndroidManifest.xml:13:22-78
uses-permission#android.permission.INTERNET
ADDED from src\main\AndroidManifest.xml:14:5-67
	android:name
		ADDED from src\main\AndroidManifest.xml:14:22-64